<?xml version="1.0" encoding="UTF-8"?>
<!-- Generated by org.testng.reporters.JUnitReportReporter -->
<testsuite hostname="NCHETTY01" failures="0" tests="1" name="tests.NewTest" time="1.906" errors="0" timestamp="2022-02-20T15:10:52 CET" skipped="0">
  <testcase classname="tests.NewTest" name="openMyBlog" time="1.906"/>
  <system-out/>
</testsuite> <!-- tests.NewTest -->
